====================================
Sewage Token: uploaded_fasta/21
Email:jonathan@patsenker.com
====================================
------------------------------------
Step: NUMBER_SEQUENCES_ANALYZER START
------------------------------------
Running analysis. File transition: tmp/21 -> tmp/21.0

Start time: 0.05
Number of non-CRAP sequences left: 243
Number of CRAP sequences currently: 0
End time: 0.05
------------------------------------
Step: FASTA_CHECK_FILTER START
------------------------------------
Running filter. File transition: tmp/21.0 -> tmp/21.1

Start time: 0.06
End time: 0.06
------------------------------------
Step: NUMBER_SEQUENCES_ANALYZER START
------------------------------------
Running analysis. File transition: tmp/21.1 -> tmp/21.2

Start time: 0.06
Number of non-CRAP sequences left: 243
Number of CRAP sequences currently: 0
End time: 0.06
------------------------------------
Step: SIMPLE_CRAP_FILTER START
------------------------------------
Running filter. File transition: tmp/21.2 -> tmp/21.3

Start time: 0.06
End time: 0.11
------------------------------------
Step: NUMBER_SEQUENCES_ANALYZER START
------------------------------------
Running analysis. File transition: tmp/21.3 -> tmp/21.4

Start time: 0.11
Number of non-CRAP sequences left: 243
Number of CRAP sequences currently: 0
End time: 0.12
------------------------------------
Step: LENGTH_DISTRIBUTION_FILTER START
------------------------------------
Running filter. File transition: tmp/21.4 -> tmp/21.5

Start time: 0.12
End time: 0.15
------------------------------------
Step: NUMBER_SEQUENCES_ANALYZER START
------------------------------------
Running analysis. File transition: tmp/21.5 -> tmp/21.6

Start time: 0.15
Number of non-CRAP sequences left: 243
Number of CRAP sequences currently: 0
End time: 0.16
------------------------------------
Step: 0J_CHECK_FILTER START
------------------------------------
Running filter. File transition: tmp/21.6 -> tmp/21.7

Start time: 0.16
bsub -q short -K -W 60 -o /dev/null -e /dev/null "/www/kirschner.med.harvard.edu/docroot/genomes/code/0j/0j.py -scores_only tmp/21.6 > tmp/21.6.0j.raw"
End time: 0.16
------------------------------------
Step: NUMBER_SEQUENCES_ANALYZER START
------------------------------------
Running analysis. File transition: tmp/21.7 -> tmp/21.8

Start time: 0.16
Number of non-CRAP sequences left: 243
Number of CRAP sequences currently: 0
End time: 0.16
------------------------------------
Step: CDHIT_CHECK_FILTER START
------------------------------------
Running filter. File transition: tmp/21.8 -> tmp/21.9

Start time: 0.16
bsub -q short -K -W 60 -o /dev/null -e /dev/null /opt/cdhit-4.6/cd-hit -i tmp/21.8 -o tmp/21.8.cdhit.raw -c 0.7
End time: 0.24
------------------------------------
Step: NUMBER_SEQUENCES_ANALYZER START
------------------------------------
Running analysis. File transition: tmp/21.9 -> tmp/21.10

Start time: 0.24
Number of non-CRAP sequences left: 243
Number of CRAP sequences currently: 0
End time: 0.24
------------------------------------
Step: Ff_CHECK_FILTER START
------------------------------------
Running filter. File transition: tmp/21.10 -> tmp/21.11

Start time: 0.24
End time: 0.42
------------------------------------
Step: NUMBER_SEQUENCES_ANALYZER START
------------------------------------
Running analysis. File transition: tmp/21.11 -> tmp/21.12

Start time: 0.42
Number of non-CRAP sequences left: 243
Number of CRAP sequences currently: 0
End time: 0.43
