====================================
Sewage Token: uploaded_fasta/22
Email:jonathan@patsenker.com
====================================
------------------------------------
Step: NUMBER_SEQUENCES_ANALYZER START
------------------------------------
Running analysis. File transition: tmp/22 -> tmp/22.0

Start time: 0.1
Number of non-CRAP sequences left: 38585
Number of CRAP sequences currently: 0
End time: 0.17
------------------------------------
Step: FASTA_CHECK_FILTER START
------------------------------------
Running filter. File transition: tmp/22.0 -> tmp/22.1

Start time: 0.17
End time: 0.37
------------------------------------
Step: NUMBER_SEQUENCES_ANALYZER START
------------------------------------
Running analysis. File transition: tmp/22.1 -> tmp/22.2

Start time: 0.37
Number of non-CRAP sequences left: 38585
Number of CRAP sequences currently: 0
End time: 0.44
------------------------------------
Step: SIMPLE_CRAP_FILTER START
------------------------------------
Running filter. File transition: tmp/22.2 -> tmp/22.3

Start time: 0.44
End time: 5.37
------------------------------------
Step: NUMBER_SEQUENCES_ANALYZER START
------------------------------------
Running analysis. File transition: tmp/22.3 -> tmp/22.4

Start time: 5.37
Number of non-CRAP sequences left: 30049
Number of CRAP sequences currently: 8536
End time: 5.43
------------------------------------
Step: LENGTH_DISTRIBUTION_FILTER START
------------------------------------
Running filter. File transition: tmp/22.4 -> tmp/22.5

Start time: 5.43
End time: 9.85
------------------------------------
Step: NUMBER_SEQUENCES_ANALYZER START
------------------------------------
Running analysis. File transition: tmp/22.5 -> tmp/22.6

Start time: 9.85
Number of non-CRAP sequences left: 30041
Number of CRAP sequences currently: 8544
End time: 9.91
------------------------------------
Step: 0J_CHECK_FILTER START
------------------------------------
Running filter. File transition: tmp/22.6 -> tmp/22.7

Start time: 9.91
bsub -q short -K -W 60 -o /dev/null -e /dev/null "/www/kirschner.med.harvard.edu/docroot/genomes/code/0j/0j.py -scores_only tmp/22.6 > tmp/22.6.0j.raw"
End time: 10.68
------------------------------------
Step: NUMBER_SEQUENCES_ANALYZER START
------------------------------------
Running analysis. File transition: tmp/22.7 -> tmp/22.8

Start time: 10.69
Number of non-CRAP sequences left: 26964
Number of CRAP sequences currently: 11621
End time: 10.75
------------------------------------
Step: CDHIT_CHECK_FILTER START
------------------------------------
Running filter. File transition: tmp/22.8 -> tmp/22.9

Start time: 10.75
bsub -q short -K -W 60 -o /dev/null -e /dev/null /opt/cdhit-4.6/cd-hit -i tmp/22.8 -o tmp/22.8.cdhit.raw -c 0.7
End time: 17.75
------------------------------------
Step: NUMBER_SEQUENCES_ANALYZER START
------------------------------------
Running analysis. File transition: tmp/22.9 -> tmp/22.10

Start time: 17.75
Number of non-CRAP sequences left: 25680
Number of CRAP sequences currently: 12905
End time: 17.81
------------------------------------
Step: Ff_CHECK_FILTER START
------------------------------------
Running filter. File transition: tmp/22.10 -> tmp/22.11

Start time: 17.81
End time: 20.58
------------------------------------
Step: NUMBER_SEQUENCES_ANALYZER START
------------------------------------
Running analysis. File transition: tmp/22.11 -> tmp/22.12

Start time: 20.58
Number of non-CRAP sequences left: 25498
Number of CRAP sequences currently: 13087
End time: 20.64
