====================================
Sewage Token: uploaded_fasta/25
Email:jonathan@patsenker.com
====================================
------------------------------------
Step: NUMBER_SEQUENCES_ANALYZER START
------------------------------------
Running analysis. File transition: tmp/25 -> tmp/25.0

Start time: 0.1
Number of non-CRAP sequences left: 38585
Number of CRAP sequences currently: 0
End time: 0.42
------------------------------------
Step: FASTA_CHECK_FILTER START
------------------------------------
Running filter. File transition: tmp/25.0 -> tmp/25.1

Start time: 0.42
End time: 0.62
------------------------------------
Step: NUMBER_SEQUENCES_ANALYZER START
------------------------------------
Running analysis. File transition: tmp/25.1 -> tmp/25.2

Start time: 0.62
Number of non-CRAP sequences left: 38585
Number of CRAP sequences currently: 0
End time: 0.69
------------------------------------
Step: SIMPLE_CRAP_FILTER START
------------------------------------
Running filter. File transition: tmp/25.2 -> tmp/25.3

Start time: 0.69
End time: 5.64
------------------------------------
Step: NUMBER_SEQUENCES_ANALYZER START
------------------------------------
Running analysis. File transition: tmp/25.3 -> tmp/25.4

Start time: 5.64
Number of non-CRAP sequences left: 38447
Number of CRAP sequences currently: 138
End time: 5.7
------------------------------------
Step: LENGTH_DISTRIBUTION_FILTER START
------------------------------------
Running filter. File transition: tmp/25.4 -> tmp/25.5

Start time: 5.7
End time: 10.31
------------------------------------
Step: NUMBER_SEQUENCES_ANALYZER START
------------------------------------
Running analysis. File transition: tmp/25.5 -> tmp/25.6

Start time: 10.31
Number of non-CRAP sequences left: 38439
Number of CRAP sequences currently: 146
End time: 10.36
------------------------------------
Step: 0J_CHECK_FILTER START
------------------------------------
Running filter. File transition: tmp/25.6 -> tmp/25.7

Start time: 10.36
bsub -q short -K -W 60 -o /dev/null -e /dev/null "/www/kirschner.med.harvard.edu/docroot/genomes/code/0j/0j.py -scores_only tmp/25.6 > tmp/25.6.0j.raw"
End time: 11.52
------------------------------------
Step: NUMBER_SEQUENCES_ANALYZER START
------------------------------------
Running analysis. File transition: tmp/25.7 -> tmp/25.8

Start time: 11.52
Number of non-CRAP sequences left: 32484
Number of CRAP sequences currently: 6101
End time: 11.59
------------------------------------
Step: CDHIT_CHECK_FILTER START
------------------------------------
Running filter. File transition: tmp/25.8 -> tmp/25.9

Start time: 11.59
bsub -q short -K -W 60 -o /dev/null -e /dev/null /opt/cdhit-4.6/cd-hit -i tmp/25.8 -o tmp/25.8.cdhit.raw -c 0.7
End time: 20.48
------------------------------------
Step: NUMBER_SEQUENCES_ANALYZER START
------------------------------------
Running analysis. File transition: tmp/25.9 -> tmp/25.10

Start time: 20.48
Number of non-CRAP sequences left: 31189
Number of CRAP sequences currently: 7396
End time: 20.55
------------------------------------
Step: Ff_CHECK_FILTER START
------------------------------------
Running filter. File transition: tmp/25.10 -> tmp/25.11

Start time: 20.55
End time: 24.69
------------------------------------
Step: NUMBER_SEQUENCES_ANALYZER START
------------------------------------
Running analysis. File transition: tmp/25.11 -> tmp/25.12

Start time: 24.69
Number of non-CRAP sequences left: 30903
Number of CRAP sequences currently: 7682
End time: 24.76
