====================================
Sewage Token: uploaded_fasta/26
Email:peshkin@gmail.com
====================================
------------------------------------
Step: NUMBER_SEQUENCES_ANALYZER START
------------------------------------
Running analysis. File transition: tmp/26 -> tmp/26.0

Start time: 0.05
Number of non-CRAP sequences left: 500
Number of CRAP sequences currently: 0
End time: 0.05
------------------------------------
Step: FASTA_CHECK_FILTER START
------------------------------------
Running filter. File transition: tmp/26.0 -> tmp/26.1

Start time: 0.05
End time: 0.05
------------------------------------
Step: NUMBER_SEQUENCES_ANALYZER START
------------------------------------
Running analysis. File transition: tmp/26.1 -> tmp/26.2

Start time: 0.05
Number of non-CRAP sequences left: 500
Number of CRAP sequences currently: 0
End time: 0.05
------------------------------------
Step: SIMPLE_CRAP_FILTER START
------------------------------------
Running filter. File transition: tmp/26.2 -> tmp/26.3

Start time: 0.05
