====================================
Sewage Token: uploaded_fasta/27
Email:peshkin@gmail.com
====================================
------------------------------------
Step: NUMBER_SEQUENCES_ANALYZER START
------------------------------------
Running analysis. File transition: tmp/27 -> tmp/27.0

Start time: 0.05
Number of non-CRAP sequences left: 500
Number of CRAP sequences currently: 0
End time: 0.05
------------------------------------
Step: FASTA_CHECK_FILTER START
------------------------------------
Running filter. File transition: tmp/27.0 -> tmp/27.1

Start time: 0.05
End time: 0.07
------------------------------------
Step: NUMBER_SEQUENCES_ANALYZER START
------------------------------------
Running analysis. File transition: tmp/27.1 -> tmp/27.2

Start time: 0.07
Number of non-CRAP sequences left: 499
Number of CRAP sequences currently: 118
End time: 0.07
------------------------------------
Step: SIMPLE_CRAP_FILTER START
------------------------------------
Running filter. File transition: tmp/27.2 -> tmp/27.3

Start time: 0.07
