====================================
Sewage Token: uploaded_fasta/30
Email:peshkin@gmail.com
====================================
------------------------------------
Step: NUMBER_SEQUENCES_ANALYZER START
------------------------------------
Running analysis. File transition: tmp/30 -> tmp/30.0

Start time: 0.05
Number of non-CRAP sequences left: 151
Number of CRAP sequences currently: 0
End time: 0.06
------------------------------------
Step: FASTA_CHECK_FILTER START
------------------------------------
Running filter. File transition: tmp/30.0 -> tmp/30.1

Start time: 0.06
End time: 0.07
------------------------------------
Step: NUMBER_SEQUENCES_ANALYZER START
------------------------------------
Running analysis. File transition: tmp/30.1 -> tmp/30.2

Start time: 0.07
Number of non-CRAP sequences left: 151
Number of CRAP sequences currently: 0
End time: 0.07
------------------------------------
Step: SIMPLE_CRAP_FILTER START
------------------------------------
Running filter. File transition: tmp/30.2 -> tmp/30.3

Start time: 0.07
End time: 0.08
------------------------------------
Step: NUMBER_SEQUENCES_ANALYZER START
------------------------------------
Running analysis. File transition: tmp/30.3 -> tmp/30.4

Start time: 0.08
Number of non-CRAP sequences left: 151
Number of CRAP sequences currently: 0
End time: 0.08
------------------------------------
Step: LENGTH_DISTRIBUTION_FILTER START
------------------------------------
Running filter. File transition: tmp/30.4 -> tmp/30.5

Start time: 0.08
End time: 0.1
------------------------------------
Step: NUMBER_SEQUENCES_ANALYZER START
------------------------------------
Running analysis. File transition: tmp/30.5 -> tmp/30.6

Start time: 0.1
Number of non-CRAP sequences left: 151
Number of CRAP sequences currently: 0
End time: 0.1
------------------------------------
Step: 0J_CHECK_FILTER START
------------------------------------
Running filter. File transition: tmp/30.6 -> tmp/30.7

Start time: 0.1
bsub -q short -K -W 60 -o /dev/null -e /dev/null "/www/kirschner.med.harvard.edu/docroot/genomes/code/0j/0j.py -scores_only tmp/30.6 > tmp/30.6.0j.raw"
End time: 0.12
------------------------------------
Step: NUMBER_SEQUENCES_ANALYZER START
------------------------------------
Running analysis. File transition: tmp/30.7 -> tmp/30.8

Start time: 0.12
Number of non-CRAP sequences left: 126
Number of CRAP sequences currently: 25
End time: 0.12
------------------------------------
Step: CDHIT_CHECK_FILTER START
------------------------------------
Running filter. File transition: tmp/30.8 -> tmp/30.9

Start time: 0.12
bsub -q short -K -W 60 -o /dev/null -e /dev/null /opt/cdhit-4.6/cd-hit -i tmp/30.8 -o tmp/30.8.cdhit.raw -c 0.7
End time: 0.15
------------------------------------
Step: NUMBER_SEQUENCES_ANALYZER START
------------------------------------
Running analysis. File transition: tmp/30.9 -> tmp/30.10

Start time: 0.15
Number of non-CRAP sequences left: 119
Number of CRAP sequences currently: 32
End time: 0.16
------------------------------------
Step: Ff_CHECK_FILTER START
------------------------------------
Running filter. File transition: tmp/30.10 -> tmp/30.11

Start time: 0.16
End time: 0.35
------------------------------------
Step: NUMBER_SEQUENCES_ANALYZER START
------------------------------------
Running analysis. File transition: tmp/30.11 -> tmp/30.12

Start time: 0.35
Number of non-CRAP sequences left: 119
Number of CRAP sequences currently: 32
End time: 0.35
