====================================
Sewage Token: uploaded_fasta/31
Email:peshkin@gmail.com
====================================
------------------------------------
Step: NUMBER_SEQUENCES_ANALYZER START
------------------------------------
Running analysis. File transition: tmp/31 -> tmp/31.0

Start time: 0.05
Number of non-CRAP sequences left: 85
Number of CRAP sequences currently: 0
End time: 0.06
------------------------------------
Step: FASTA_CHECK_FILTER START
------------------------------------
Running filter. File transition: tmp/31.0 -> tmp/31.1

Start time: 0.06
End time: 0.06
------------------------------------
Step: NUMBER_SEQUENCES_ANALYZER START
------------------------------------
Running analysis. File transition: tmp/31.1 -> tmp/31.2

Start time: 0.06
Number of non-CRAP sequences left: 85
Number of CRAP sequences currently: 0
End time: 0.06
------------------------------------
Step: SIMPLE_CRAP_FILTER START
------------------------------------
Running filter. File transition: tmp/31.2 -> tmp/31.3

Start time: 0.06
End time: 0.07
------------------------------------
Step: NUMBER_SEQUENCES_ANALYZER START
------------------------------------
Running analysis. File transition: tmp/31.3 -> tmp/31.4

Start time: 0.07
Number of non-CRAP sequences left: 85
Number of CRAP sequences currently: 0
End time: 0.07
------------------------------------
Step: LENGTH_DISTRIBUTION_FILTER START
------------------------------------
Running filter. File transition: tmp/31.4 -> tmp/31.5

Start time: 0.07
End time: 0.09
------------------------------------
Step: NUMBER_SEQUENCES_ANALYZER START
------------------------------------
Running analysis. File transition: tmp/31.5 -> tmp/31.6

Start time: 0.09
Number of non-CRAP sequences left: 85
Number of CRAP sequences currently: 0
End time: 0.09
------------------------------------
Step: 0J_CHECK_FILTER START
------------------------------------
Running filter. File transition: tmp/31.6 -> tmp/31.7

Start time: 0.09
bsub -q short -K -W 60 -o /dev/null -e /dev/null "/www/kirschner.med.harvard.edu/docroot/genomes/code/0j/0j.py -scores_only tmp/31.6 > tmp/31.6.0j.raw"
End time: 0.09
------------------------------------
Step: NUMBER_SEQUENCES_ANALYZER START
------------------------------------
Running analysis. File transition: tmp/31.7 -> tmp/31.8

Start time: 0.09
Number of non-CRAP sequences left: 84
Number of CRAP sequences currently: 1
End time: 0.1
------------------------------------
Step: CDHIT_CHECK_FILTER START
------------------------------------
Running filter. File transition: tmp/31.8 -> tmp/31.9

Start time: 0.1
bsub -q short -K -W 60 -o /dev/null -e /dev/null /opt/cdhit-4.6/cd-hit -i tmp/31.8 -o tmp/31.8.cdhit.raw -c 0.7
End time: 0.12
------------------------------------
Step: NUMBER_SEQUENCES_ANALYZER START
------------------------------------
Running analysis. File transition: tmp/31.9 -> tmp/31.10

Start time: 0.12
Number of non-CRAP sequences left: 81
Number of CRAP sequences currently: 4
End time: 0.12
------------------------------------
Step: Ff_CHECK_FILTER START
------------------------------------
Running filter. File transition: tmp/31.10 -> tmp/31.11

Start time: 0.12
End time: 0.3
------------------------------------
Step: NUMBER_SEQUENCES_ANALYZER START
------------------------------------
Running analysis. File transition: tmp/31.11 -> tmp/31.12

Start time: 0.3
Number of non-CRAP sequences left: 81
Number of CRAP sequences currently: 4
End time: 0.3
