====================================
Sewage Token: uploaded_fasta/34
Email:peshkin@gmail.com
====================================
------------------------------------
Step: NUMBER_SEQUENCES_ANALYZER START
------------------------------------
Running analysis. File transition: tmp/34 -> tmp/34.0

Start time: 0.24
Number of non-CRAP sequences left: 18634
Number of CRAP sequences currently: 0
End time: 0.28
------------------------------------
Step: FASTA_CHECK_FILTER START
------------------------------------
Running filter. File transition: tmp/34.0 -> tmp/34.1

Start time: 0.28
End time: 0.4
------------------------------------
Step: NUMBER_SEQUENCES_ANALYZER START
------------------------------------
Running analysis. File transition: tmp/34.1 -> tmp/34.2

Start time: 0.4
Number of non-CRAP sequences left: 18634
Number of CRAP sequences currently: 0
End time: 0.43
------------------------------------
Step: SIMPLE_CRAP_FILTER START
------------------------------------
Running filter. File transition: tmp/34.2 -> tmp/34.3

Start time: 0.43
End time: 3.21
------------------------------------
Step: NUMBER_SEQUENCES_ANALYZER START
------------------------------------
Running analysis. File transition: tmp/34.3 -> tmp/34.4

Start time: 3.21
Number of non-CRAP sequences left: 17692
Number of CRAP sequences currently: 942
End time: 3.24
------------------------------------
Step: LENGTH_DISTRIBUTION_FILTER START
------------------------------------
Running filter. File transition: tmp/34.4 -> tmp/34.5

Start time: 3.24
End time: 6.36
------------------------------------
Step: NUMBER_SEQUENCES_ANALYZER START
------------------------------------
Running analysis. File transition: tmp/34.5 -> tmp/34.6

Start time: 6.36
Number of non-CRAP sequences left: 17501
Number of CRAP sequences currently: 1133
End time: 6.4
------------------------------------
Step: 0J_CHECK_FILTER START
------------------------------------
Running filter. File transition: tmp/34.6 -> tmp/34.7

Start time: 6.4
bsub -q short -K -W 60 -o /dev/null -e /dev/null "/www/kirschner.med.harvard.edu/docroot/genomes/code/0j/0j.py -scores_only tmp/34.6 > tmp/34.6.0j.raw"
End time: 6.62
------------------------------------
Step: NUMBER_SEQUENCES_ANALYZER START
------------------------------------
Running analysis. File transition: tmp/34.7 -> tmp/34.8

Start time: 6.62
Number of non-CRAP sequences left: 17200
Number of CRAP sequences currently: 1434
End time: 6.66
------------------------------------
Step: CDHIT_CHECK_FILTER START
------------------------------------
Running filter. File transition: tmp/34.8 -> tmp/34.9

Start time: 6.66
bsub -q short -K -W 60 -o /dev/null -e /dev/null /opt/cdhit-4.6/cd-hit -i tmp/34.8 -o tmp/34.8.cdhit.raw -c 0.7
