====================================
Sewage Token: uploaded_fasta/35
Email:peshkin@gmail.com
====================================
------------------------------------
Step: NUMBER_SEQUENCES_ANALYZER START
------------------------------------
Running analysis. File transition: tmp/35 -> tmp/35.0

Start time: 0.3
Number of non-CRAP sequences left: 20766
Number of CRAP sequences currently: 0
End time: 0.35
------------------------------------
Step: FASTA_CHECK_FILTER START
------------------------------------
Running filter. File transition: tmp/35.0 -> tmp/35.1

Start time: 0.35
End time: 0.49
------------------------------------
Step: NUMBER_SEQUENCES_ANALYZER START
------------------------------------
Running analysis. File transition: tmp/35.1 -> tmp/35.2

Start time: 0.49
Number of non-CRAP sequences left: 20766
Number of CRAP sequences currently: 0
End time: 0.55
------------------------------------
Step: SIMPLE_CRAP_FILTER START
------------------------------------
Running filter. File transition: tmp/35.2 -> tmp/35.3

Start time: 0.55
End time: 3.67
------------------------------------
Step: NUMBER_SEQUENCES_ANALYZER START
------------------------------------
Running analysis. File transition: tmp/35.3 -> tmp/35.4

Start time: 3.67
Number of non-CRAP sequences left: 20682
Number of CRAP sequences currently: 84
End time: 3.71
------------------------------------
Step: LENGTH_DISTRIBUTION_FILTER START
------------------------------------
Running filter. File transition: tmp/35.4 -> tmp/35.5

Start time: 3.71
End time: 7.03
------------------------------------
Step: NUMBER_SEQUENCES_ANALYZER START
------------------------------------
Running analysis. File transition: tmp/35.5 -> tmp/35.6

Start time: 7.03
Number of non-CRAP sequences left: 20563
Number of CRAP sequences currently: 203
End time: 7.07
------------------------------------
Step: 0J_CHECK_FILTER START
------------------------------------
Running filter. File transition: tmp/35.6 -> tmp/35.7

Start time: 7.07
bsub -q short -K -W 60 -o /dev/null -e /dev/null "/www/kirschner.med.harvard.edu/docroot/genomes/code/0j/0j.py -scores_only tmp/35.6 > tmp/35.6.0j.raw"
End time: 7.36
------------------------------------
Step: NUMBER_SEQUENCES_ANALYZER START
------------------------------------
Running analysis. File transition: tmp/35.7 -> tmp/35.8

Start time: 7.36
Number of non-CRAP sequences left: 20297
Number of CRAP sequences currently: 469
End time: 7.42
------------------------------------
Step: CDHIT_CHECK_FILTER START
------------------------------------
Running filter. File transition: tmp/35.8 -> tmp/35.9

Start time: 7.42
bsub -q short -K -W 60 -o /dev/null -e /dev/null /opt/cdhit-4.6/cd-hit -i tmp/35.8 -o tmp/35.8.cdhit.raw -c 0.7
