====================================
Sewage Token: uploaded_fasta/badgenome.fa
Email:jonathan@patsenker.com
====================================
------------------------------------
Step: NUMBER_SEQUENCES_ANALYZER START
------------------------------------
Running analysis. File transition: tmp/badgenome.fa -> tmp/badgenome.fa.0

Start time: 0.04
End time: 0.04
------------------------------------
Step: FASTA_CHECK_FILTER START
------------------------------------
Running filter. File transition: tmp/badgenome.fa.0 -> tmp/badgenome.fa.1

Start time: 0.04
End time: 0.04
------------------------------------
Step: SIMPLE_CRAP_FILTER START
------------------------------------
Running filter. File transition: tmp/badgenome.fa.1 -> tmp/badgenome.fa.2

Start time: 0.04
End time: 0.04
------------------------------------
Step: NUMBER_SEQUENCES_ANALYZER START
------------------------------------
Running analysis. File transition: tmp/badgenome.fa.2 -> tmp/badgenome.fa.3

Start time: 0.05
End time: 0.05
