====================================
Sewage Token: uploaded_fasta/hg16.fa
Email:peshkin@gmail.com
====================================
------------------------------------
Step: NUMBER_SEQUENCES_ANALYZER START
------------------------------------
Running analysis. File transition: tmp/hg16.fa -> tmp/hg16.fa.0

Start time: 0.16
Number of non-CRAP sequences left: 20766
Number of CRAP sequences currently: 0
End time: 0.22
------------------------------------
Step: FASTA_CHECK_FILTER START
------------------------------------
Running filter. File transition: tmp/hg16.fa.0 -> tmp/hg16.fa.1

Start time: 0.22
End time: 0.35
------------------------------------
Step: NUMBER_SEQUENCES_ANALYZER START
------------------------------------
Running analysis. File transition: tmp/hg16.fa.1 -> tmp/hg16.fa.2

Start time: 0.36
Number of non-CRAP sequences left: 20766
Number of CRAP sequences currently: 0
End time: 0.4
------------------------------------
Step: SIMPLE_CRAP_FILTER START
------------------------------------
Running filter. File transition: tmp/hg16.fa.2 -> tmp/hg16.fa.3

Start time: 0.4
End time: 4.72
------------------------------------
Step: NUMBER_SEQUENCES_ANALYZER START
------------------------------------
Running analysis. File transition: tmp/hg16.fa.3 -> tmp/hg16.fa.4

Start time: 4.72
Number of non-CRAP sequences left: 20682
Number of CRAP sequences currently: 84
End time: 4.76
------------------------------------
Step: LENGTH_DISTRIBUTION_FILTER START
------------------------------------
Running filter. File transition: tmp/hg16.fa.4 -> tmp/hg16.fa.5

Start time: 4.76
End time: 9.26
------------------------------------
Step: NUMBER_SEQUENCES_ANALYZER START
------------------------------------
Running analysis. File transition: tmp/hg16.fa.5 -> tmp/hg16.fa.6

Start time: 9.26
Number of non-CRAP sequences left: 20563
Number of CRAP sequences currently: 203
End time: 9.29
------------------------------------
Step: 0J_CHECK_FILTER START
------------------------------------
Running filter. File transition: tmp/hg16.fa.6 -> tmp/hg16.fa.7

Start time: 9.29
bsub -q short -K -W 60 -o /dev/null -e /dev/null "/www/kirschner.med.harvard.edu/docroot/genomes/code/0j/0j.py -scores_only tmp/hg16.fa.6 > tmp/hg16.fa.6.0j.raw"
End time: 9.68
------------------------------------
Step: NUMBER_SEQUENCES_ANALYZER START
------------------------------------
Running analysis. File transition: tmp/hg16.fa.7 -> tmp/hg16.fa.8

Start time: 9.68
Number of non-CRAP sequences left: 20297
Number of CRAP sequences currently: 469
End time: 9.74
------------------------------------
Step: CDHIT_CHECK_FILTER START
------------------------------------
Running filter. File transition: tmp/hg16.fa.8 -> tmp/hg16.fa.9

Start time: 9.74
bsub -q short -K -W 60 -o /dev/null -e /dev/null /opt/cdhit-4.6/cd-hit -i tmp/hg16.fa.8 -o tmp/hg16.fa.8.cdhit.raw -c 0.7
