====================================
Sewage Token: uploaded_fasta/hg16_lineBroken.fa
Email:peshkin@gmail.com
====================================
------------------------------------
Step: NUMBER_SEQUENCES_ANALYZER START
------------------------------------
Running analysis. File transition: tmp/hg16_lineBroken.fa -> tmp/hg16_lineBroken.fa.0

Start time: 0.34
Number of non-CRAP sequences left: 20766
Number of CRAP sequences currently: 0
End time: 0.39
------------------------------------
Step: FASTA_CHECK_FILTER START
------------------------------------
Running filter. File transition: tmp/hg16_lineBroken.fa.0 -> tmp/hg16_lineBroken.fa.1

Start time: 0.39
End time: 0.54
------------------------------------
Step: NUMBER_SEQUENCES_ANALYZER START
------------------------------------
Running analysis. File transition: tmp/hg16_lineBroken.fa.1 -> tmp/hg16_lineBroken.fa.2

Start time: 0.54
Number of non-CRAP sequences left: 20766
Number of CRAP sequences currently: 0
End time: 0.58
------------------------------------
Step: SIMPLE_CRAP_FILTER START
------------------------------------
Running filter. File transition: tmp/hg16_lineBroken.fa.2 -> tmp/hg16_lineBroken.fa.3

Start time: 0.58
End time: 4.52
------------------------------------
Step: NUMBER_SEQUENCES_ANALYZER START
------------------------------------
Running analysis. File transition: tmp/hg16_lineBroken.fa.3 -> tmp/hg16_lineBroken.fa.4

Start time: 4.52
Number of non-CRAP sequences left: 20682
Number of CRAP sequences currently: 84
End time: 4.56
------------------------------------
Step: LENGTH_DISTRIBUTION_FILTER START
------------------------------------
Running filter. File transition: tmp/hg16_lineBroken.fa.4 -> tmp/hg16_lineBroken.fa.5

Start time: 4.56
End time: 8.52
------------------------------------
Step: NUMBER_SEQUENCES_ANALYZER START
------------------------------------
Running analysis. File transition: tmp/hg16_lineBroken.fa.5 -> tmp/hg16_lineBroken.fa.6

Start time: 8.52
Number of non-CRAP sequences left: 20563
Number of CRAP sequences currently: 203
End time: 8.56
------------------------------------
Step: 0J_CHECK_FILTER START
------------------------------------
Running filter. File transition: tmp/hg16_lineBroken.fa.6 -> tmp/hg16_lineBroken.fa.7

Start time: 8.56
bsub -q short -K -W 60 -o /dev/null -e /dev/null "/www/kirschner.med.harvard.edu/docroot/genomes/code/0j/0j.py -scores_only tmp/hg16_lineBroken.fa.6 > tmp/hg16_lineBroken.fa.6.0j.raw"
End time: 8.86
------------------------------------
Step: NUMBER_SEQUENCES_ANALYZER START
------------------------------------
Running analysis. File transition: tmp/hg16_lineBroken.fa.7 -> tmp/hg16_lineBroken.fa.8

Start time: 8.86
Number of non-CRAP sequences left: 20297
Number of CRAP sequences currently: 469
End time: 8.91
------------------------------------
Step: CDHIT_CHECK_FILTER START
------------------------------------
Running filter. File transition: tmp/hg16_lineBroken.fa.8 -> tmp/hg16_lineBroken.fa.9

Start time: 8.91
bsub -q short -K -W 60 -o /dev/null -e /dev/null /opt/cdhit-4.6/cd-hit -i tmp/hg16_lineBroken.fa.8 -o tmp/hg16_lineBroken.fa.8.cdhit.raw -c 0.7
