====================================
Sewage Token: ../crapdb/mining/inputs/human_genome_LT.fasta
Email:peshkin@gmail.com
====================================
------------------------------------
Step: NUMBER_SEQUENCES_ANALYZER START
------------------------------------
Running analysis. File transition: tmp/human_genome_LT.fasta -> tmp/human_genome_LT.fasta.0

Start time: 0.08
End time: 0.16
------------------------------------
Step: FASTA_CHECK_FILTER START
------------------------------------
Running filter. File transition: tmp/human_genome_LT.fasta.0 -> tmp/human_genome_LT.fasta.1

Start time: 0.16
End time: 11.37
------------------------------------
Step: SIMPLE_CRAP_FILTER START
------------------------------------
Running filter. File transition: tmp/human_genome_LT.fasta.1 -> tmp/human_genome_LT.fasta.2

Start time: 11.37
