====================================
Sewage Token: uploaded_fasta/miniocto.fa
Email:jonathan@patsenker.com
====================================
------------------------------------
Step: NUMBER_SEQUENCES_ANALYZER START
------------------------------------
Running analysis. File transition: tmp/miniocto.fa -> tmp/miniocto.fa.0

Start time: 0.04
Number of non-CRAP sequences left: 5
Number of CRAP sequences currently: 0
End time: 0.04
------------------------------------
Step: FASTA_CHECK_FILTER START
------------------------------------
Running filter. File transition: tmp/miniocto.fa.0 -> tmp/miniocto.fa.1

Start time: 0.04
End time: 0.05
------------------------------------
Step: NUMBER_SEQUENCES_ANALYZER START
------------------------------------
Running analysis. File transition: tmp/miniocto.fa.1 -> tmp/miniocto.fa.2

Start time: 0.05
Number of non-CRAP sequences left: 5
Number of CRAP sequences currently: 0
End time: 0.05
------------------------------------
Step: SIMPLE_CRAP_FILTER START
------------------------------------
Running filter. File transition: tmp/miniocto.fa.2 -> tmp/miniocto.fa.3

Start time: 0.05
End time: 0.05
------------------------------------
Step: NUMBER_SEQUENCES_ANALYZER START
------------------------------------
Running analysis. File transition: tmp/miniocto.fa.3 -> tmp/miniocto.fa.4

Start time: 0.05
Number of non-CRAP sequences left: 5
Number of CRAP sequences currently: 0
End time: 0.05
------------------------------------
Step: Ff_CHECK_FILTER START
------------------------------------
Running filter. File transition: tmp/miniocto.fa.4 -> tmp/miniocto.fa.5

Start time: 0.05
End time: 0.59
------------------------------------
Step: NUMBER_SEQUENCES_ANALYZER START
------------------------------------
Running analysis. File transition: tmp/miniocto.fa.5 -> tmp/miniocto.fa.6

Start time: 0.59
Number of non-CRAP sequences left: 5
Number of CRAP sequences currently: 0
End time: 0.59
