====================================
Sewage Token: uploaded_fasta/octopus.fa
Email:peshkin@gmail.com
====================================
------------------------------------
Step: NUMBER_SEQUENCES_ANALYZER START
------------------------------------
Running analysis. File transition: tmp/octopus.fa -> tmp/octopus.fa.0

Start time: 0.21
Number of non-CRAP sequences left: 38585
Number of CRAP sequences currently: 0
End time: 0.29
------------------------------------
Step: FASTA_CHECK_FILTER START
------------------------------------
Running filter. File transition: tmp/octopus.fa.0 -> tmp/octopus.fa.1

Start time: 0.29
End time: 0.5
------------------------------------
Step: NUMBER_SEQUENCES_ANALYZER START
------------------------------------
Running analysis. File transition: tmp/octopus.fa.1 -> tmp/octopus.fa.2

Start time: 0.5
Number of non-CRAP sequences left: 38585
Number of CRAP sequences currently: 0
End time: 0.56
------------------------------------
Step: SIMPLE_CRAP_FILTER START
------------------------------------
Running filter. File transition: tmp/octopus.fa.2 -> tmp/octopus.fa.3

Start time: 0.56
End time: 6.3
------------------------------------
Step: NUMBER_SEQUENCES_ANALYZER START
------------------------------------
Running analysis. File transition: tmp/octopus.fa.3 -> tmp/octopus.fa.4

Start time: 6.3
Number of non-CRAP sequences left: 38447
Number of CRAP sequences currently: 138
End time: 6.36
------------------------------------
Step: LENGTH_DISTRIBUTION_FILTER START
------------------------------------
Running filter. File transition: tmp/octopus.fa.4 -> tmp/octopus.fa.5

Start time: 6.37
End time: 11.77
------------------------------------
Step: NUMBER_SEQUENCES_ANALYZER START
------------------------------------
Running analysis. File transition: tmp/octopus.fa.5 -> tmp/octopus.fa.6

Start time: 11.77
Number of non-CRAP sequences left: 38439
Number of CRAP sequences currently: 146
End time: 11.84
------------------------------------
Step: 0J_CHECK_FILTER START
------------------------------------
Running filter. File transition: tmp/octopus.fa.6 -> tmp/octopus.fa.7

Start time: 11.84
bsub -q short -K -W 60 -o /dev/null -e /dev/null "/www/kirschner.med.harvard.edu/docroot/genomes/code/0j/0j.py -scores_only tmp/octopus.fa.6 > tmp/octopus.fa.6.0j.raw"
End time: 13.13
------------------------------------
Step: NUMBER_SEQUENCES_ANALYZER START
------------------------------------
Running analysis. File transition: tmp/octopus.fa.7 -> tmp/octopus.fa.8

Start time: 13.13
Number of non-CRAP sequences left: 32484
Number of CRAP sequences currently: 6101
End time: 13.21
------------------------------------
Step: CDHIT_CHECK_FILTER START
------------------------------------
Running filter. File transition: tmp/octopus.fa.8 -> tmp/octopus.fa.9

Start time: 13.21
bsub -q short -K -W 60 -o /dev/null -e /dev/null /opt/cdhit-4.6/cd-hit -i tmp/octopus.fa.8 -o tmp/octopus.fa.8.cdhit.raw -c 0.7
End time: 21.88
------------------------------------
Step: NUMBER_SEQUENCES_ANALYZER START
------------------------------------
Running analysis. File transition: tmp/octopus.fa.9 -> tmp/octopus.fa.10

Start time: 21.88
Number of non-CRAP sequences left: 31189
Number of CRAP sequences currently: 7396
End time: 21.95
------------------------------------
Step: Ff_CHECK_FILTER START
------------------------------------
Running filter. File transition: tmp/octopus.fa.10 -> tmp/octopus.fa.11

Start time: 21.95
End time: 25.41
------------------------------------
Step: NUMBER_SEQUENCES_ANALYZER START
------------------------------------
Running analysis. File transition: tmp/octopus.fa.11 -> tmp/octopus.fa.12

Start time: 25.41
Number of non-CRAP sequences left: 30903
Number of CRAP sequences currently: 7682
End time: 25.48
